<?xml version="1.0" encoding="UTF-8"?>
<!-- Generated by org.testng.reporters.JUnitReportReporter -->
<testsuite hostname="LAPTOP-P37C4IVJ" failures="0" tests="1" name="API.getAPICall" time="3.850" errors="0" timestamp="2022-04-25T19:04:56 GST" skipped="0">
  <testcase classname="API.getAPICall" name="testSearch" time="3.850"/>
  <system-out/>
</testsuite> <!-- API.getAPICall -->
