<?xml version="1.0" encoding="UTF-8"?>
<!-- Generated by org.testng.reporters.JUnitReportReporter -->
<testsuite hostname="LAPTOP-P37C4IVJ" failures="0" tests="3" name="naggaroTest.TestRunnerTest" time="0.416" errors="3" timestamp="2022-04-25T19:29:55 GST" skipped="0">
  <testcase classname="naggaroTest.TestRunnerTest" name="runScenario" time="0.402">
    <error type="java.lang.NullPointerException">
      <![CDATA[java.lang.NullPointerException
at naggaroTest.Step_def_1.user_is_on_jquery_webpage(Step_def_1.java:32)
at ✽.User is on jquery webpage(file:///E:/Aaron/eclipse-workspace/NagarroProject/src/test/resources/naggaroTest/WebUiTest.feature:4)
]]>
    </error>
  </testcase> <!-- runScenario -->
  <system-out/>
  <testcase classname="naggaroTest.TestRunnerTest" name="runScenario" time="0.012">
    <error type="java.lang.NullPointerException">
      <![CDATA[java.lang.NullPointerException
at naggaroTest.Step_def_1.user_is_on_jquery_webpage(Step_def_1.java:32)
at ✽.User is on jquery webpage(file:///E:/Aaron/eclipse-workspace/NagarroProject/src/test/resources/naggaroTest/WebUiTest.feature:4)
]]>
    </error>
  </testcase> <!-- runScenario -->
  <system-out/>
  <testcase classname="naggaroTest.TestRunnerTest" name="runScenario" time="0.002">
    <error type="java.lang.NullPointerException">
      <![CDATA[java.lang.NullPointerException
at naggaroTest.Step_def_1.user_is_on_jquery_webpage(Step_def_1.java:32)
at ✽.User is on jquery webpage(file:///E:/Aaron/eclipse-workspace/NagarroProject/src/test/resources/naggaroTest/WebUiTest.feature:4)
]]>
    </error>
  </testcase> <!-- runScenario -->
  <system-out/>
</testsuite> <!-- naggaroTest.TestRunnerTest -->
