<?xml version="1.0" encoding="UTF-8"?>
<!-- Generated by org.testng.reporters.JUnitReportReporter -->
<testsuite hostname="LAPTOP-P37C4IVJ" failures="0" tests="3" name="naggaroTest.TestRunnerTest" time="23.681" errors="0" timestamp="2022-04-25T22:49:43 GST" skipped="0">
  <testcase classname="naggaroTest.TestRunnerTest" name="runScenario" time="6.990"/>
  <system-out/>
  <testcase classname="naggaroTest.TestRunnerTest" name="runScenario" time="9.115"/>
  <system-out/>
  <testcase classname="naggaroTest.TestRunnerTest" name="runScenario" time="7.576"/>
  <system-out/>
</testsuite> <!-- naggaroTest.TestRunnerTest -->
