<?xml version="1.0" encoding="UTF-8"?>
<!-- Generated by org.testng.reporters.JUnitReportReporter -->
<testsuite hostname="LAPTOP-P37C4IVJ" failures="0" tests="1" name="API.postAPICall" time="4.701" errors="0" timestamp="2022-04-25T19:19:33 GST" skipped="0">
  <testcase classname="API.postAPICall" name="test1_post" time="4.701"/>
  <system-out/>
</testsuite> <!-- API.postAPICall -->
